[debug] [2022-09-24T10:55:35.654Z] ----------------------------------------------------------------------
[debug] [2022-09-24T10:55:35.656Z] Command:       C:\Program Files\nodejs\node.exe C:\Users\Solv-IT\AppData\Roaming\npm\node_modules\firebase-tools\lib\bin\firebase.js init
[debug] [2022-09-24T10:55:35.657Z] CLI Version:   11.10.0
[debug] [2022-09-24T10:55:35.657Z] Platform:      win32
[debug] [2022-09-24T10:55:35.657Z] Node Version:  v16.17.0
[debug] [2022-09-24T10:55:35.662Z] Time:          Sat Sep 24 2022 16:25:35 GMT+0530 (India Standard Time)
[debug] [2022-09-24T10:55:35.663Z] ----------------------------------------------------------------------
[debug] 
[debug] [2022-09-24T10:55:35.673Z] > command requires scopes: ["email","openid","https://www.googleapis.com/auth/cloudplatformprojects.readonly","https://www.googleapis.com/auth/firebase","https://www.googleapis.com/auth/cloud-platform"]
[debug] [2022-09-24T10:55:35.673Z] > authorizing via signed-in user (azizadnan370@gmail.com)
[info] 
     ######## #### ########  ######## ########     ###     ######  ########
     ##        ##  ##     ## ##       ##     ##  ##   ##  ##       ##
     ######    ##  ########  ######   ########  #########  ######  ######
     ##        ##  ##    ##  ##       ##     ## ##     ##       ## ##
     ##       #### ##     ## ######## ########  ##     ##  ######  ########

You're about to initialize a Firebase project in this directory:

  C:\myportfolio-master\myportfolio

Before we get started, keep in mind:

  * You are currently outside your home directory

